android/app/mapping.txt
# compiler: R8
# compiler_version: 3.2.60
# min_api: 19
# common_typos_disable
# {"id":"com.android.tools.r8.mapping","version":"2.0"}
# pg_map_id: b81d6f6
# pg_map_hash: SHA-256 b81d6f630799d5faad81343e334a61d3e756d774a635f3b8b69add4cd9dcaee7
...
kotlinx.coroutines.CompletionHandlerException -> s0.b0:
kotlinx.coroutines.CompletionStateKt -> s0.c0:
    java.lang.Object recoverResult(java.lang.Object,kotlin.coroutines.Continuation) -> a
    java.lang.Object toState(java.lang.Object,kotlin.jvm.functions.Function1) -> b
    java.lang.Object toState(java.lang.Object,kotlinx.coroutines.CancellableContinuation) -> c
    java.lang.Object toState$default(java.lang.Object,kotlin.jvm.functions.Function1,int,java.lang.Object) -> d
kotlinx.coroutines.CoroutineContextKt -> s0.d0:
    boolean useCoroutinesScheduler -> a
    kotlinx.coroutines.CoroutineDispatcher createDefaultDispatcher() -> a
    java.lang.String getCoroutineName(kotlin.coroutines.CoroutineContext) -> b
    kotlin.coroutines.CoroutineContext newCoroutineContext(kotlinx.coroutines.CoroutineScope,kotlin.coroutines.CoroutineContext) -> c
    kotlinx.coroutines.UndispatchedCoroutine undispatchedCompletion(kotlin.coroutines.jvm.internal.CoroutineStackFrame) -> d
    kotlinx.coroutines.UndispatchedCoroutine updateUndispatchedCompletion(kotlin.coroutines.Continuation,kotlin.coroutines.CoroutineContext,java.lang.Object) -> e
kotlinx.coroutines.CoroutineDispatcher -> s0.e0:
    kotlinx.coroutines.CoroutineDispatcher$Key Key -> d
    void releaseInterceptedContinuation(kotlin.coroutines.Continuation) -> f
    void dispatch(kotlin.coroutines.CoroutineContext,java.lang.Runnable) -> i
    kotlin.coroutines.Continuation interceptContinuation(kotlin.coroutines.Continuation) -> j
    boolean isDispatchNeeded(kotlin.coroutines.CoroutineContext) -> m
kotlinx.coroutines.CoroutineDispatcher$Key -> s0.e0$a:
kotlinx.coroutines.CoroutineDispatcher$Key$1 -> s0.e0$a$a:
    kotlinx.coroutines.CoroutineDispatcher$Key$1 INSTANCE -> d
    kotlinx.coroutines.CoroutineDispatcher invoke(kotlin.coroutines.CoroutineContext$Element) -> a
kotlinx.coroutines.CoroutineExceptionHandler -> kotlinx.coroutines.CoroutineExceptionHandler:
    kotlinx.coroutines.CoroutineExceptionHandler$Key Key -> b
kotlinx.coroutines.CoroutineExceptionHandler$Key -> kotlinx.coroutines.CoroutineExceptionHandler$a:
    kotlinx.coroutines.CoroutineExceptionHandler$Key $$INSTANCE -> d
kotlinx.coroutines.CoroutineExceptionHandlerImplKt -> s0.f0:
    java.util.List handlers -> a
    void handleCoroutineExceptionImpl(kotlin.coroutines.CoroutineContext,java.lang.Throwable) -> a
kotlinx.coroutines.CoroutineExceptionHandlerKt -> s0.g0:
    void handleCoroutineException(kotlin.coroutines.CoroutineContext,java.lang.Throwable) -> a
    java.lang.Throwable handlerException(java.lang.Throwable,java.lang.Throwable) -> b
kotlinx.coroutines.CoroutineScope -> s0.h0:
    kotlin.coroutines.CoroutineContext getCoroutineContext() -> i
kotlinx.coroutines.CoroutineScopeKt -> s0.i0:
    kotlinx.coroutines.CoroutineScope CoroutineScope(kotlin.coroutines.CoroutineContext) -> a
kotlinx.coroutines.CoroutineStart -> s0.j0:
    kotlinx.coroutines.CoroutineStart[] $values() -> a
    void invoke(kotlin.jvm.functions.Function2,java.lang.Object,kotlin.coroutines.Continuation) -> b
    boolean isLazy() -> c
kotlinx.coroutines.CoroutineStart$WhenMappings -> s0.j0$a:
    int[] $EnumSwitchMapping$0 -> a
kotlinx.coroutines.CoroutinesInternalError -> s0.k0:
kotlinx.coroutines.DebugStringsKt -> s0.l0:
    java.lang.String getClassSimpleName(java.lang.Object) -> a
    java.lang.String getHexAddress(java.lang.Object) -> b
    java.lang.String toDebugString(kotlin.coroutines.Continuation) -> c
kotlinx.coroutines.DefaultExecutor -> s0.m0:
    kotlinx.coroutines.DefaultExecutor INSTANCE -> j
    long KEEP_ALIVE_NANOS -> k
    void acknowledgeShutdownIfNeeded() -> P
    java.lang.Thread createThreadSync() -> Q
    boolean isShutdownRequested() -> R
    boolean notifyStartup() -> S
    java.lang.Thread getThread() -> y